[0.151s] DEBUG:colcon:Command line arguments: ['/usr/bin/colcon', 'build', '--packages-select', 'rplidar_ros']
[0.151s] DEBUG:colcon:Parsed command line arguments: Namespace(log_base=None, log_level=None, verb_name='build', build_base='build', install_base='install', merge_install=False, symlink_install=False, test_result_base=None, continue_on_error=False, executor='parallel', parallel_workers=4, event_handlers=None, ignore_user_meta=False, metas=['./colcon.meta'], base_paths=['.'], packages_ignore=None, packages_ignore_regex=None, paths=None, packages_up_to=None, packages_up_to_regex=None, packages_above=None, packages_above_and_dependencies=None, packages_above_depth=None, packages_select_by_dep=None, packages_skip_by_dep=None, packages_skip_up_to=None, packages_select_build_failed=False, packages_skip_build_finished=False, packages_select_test_failures=False, packages_skip_test_passed=False, packages_select=['rplidar_ros'], packages_skip=None, packages_select_regex=None, packages_skip_regex=None, packages_start=None, packages_end=None, allow_overriding=[], cmake_args=None, cmake_target=None, cmake_target_skip_unavailable=False, cmake_clean_cache=False, cmake_clean_first=False, cmake_force_configure=False, ament_cmake_args=None, catkin_cmake_args=None, catkin_skip_building_tests=False, mixin_files=None, mixin=None, verb_parser=<colcon_mixin.mixin.mixin_argument.MixinArgumentDecorator object at 0x72f3c75814c0>, verb_extension=<colcon_core.verb.build.BuildVerb object at 0x72f3c7580b00>, main=<bound method BuildVerb.main of <colcon_core.verb.build.BuildVerb object at 0x72f3c7580b00>>, mixin_verb=('build',))
[0.208s] Level 1:colcon.colcon_core.package_discovery:discover_packages(colcon_meta) check parameters
[0.209s] Level 1:colcon.colcon_core.package_discovery:discover_packages(recursive) check parameters
[0.209s] Level 1:colcon.colcon_core.package_discovery:discover_packages(ignore) check parameters
[0.209s] Level 1:colcon.colcon_core.package_discovery:discover_packages(path) check parameters
[0.209s] Level 1:colcon.colcon_core.package_discovery:discover_packages(colcon_meta) discover
[0.209s] Level 1:colcon.colcon_core.package_discovery:discover_packages(recursive) discover
[0.209s] INFO:colcon.colcon_core.package_discovery:Crawling recursively for packages in '/home/gregory3/rplidar_ros'
[0.209s] Level 1:colcon.colcon_core.package_identification:_identify(.) by extensions ['ignore', 'ignore_ament_install']
[0.209s] Level 1:colcon.colcon_core.package_identification:_identify(.) by extension 'ignore'
[0.209s] Level 1:colcon.colcon_core.package_identification:_identify(.) by extension 'ignore_ament_install'
[0.209s] Level 1:colcon.colcon_core.package_identification:_identify(.) by extensions ['colcon_pkg']
[0.209s] Level 1:colcon.colcon_core.package_identification:_identify(.) by extension 'colcon_pkg'
[0.209s] Level 1:colcon.colcon_core.package_identification:_identify(.) by extensions ['colcon_meta']
[0.209s] Level 1:colcon.colcon_core.package_identification:_identify(.) by extension 'colcon_meta'
[0.209s] Level 1:colcon.colcon_core.package_identification:_identify(.) by extensions ['ros']
[0.209s] Level 1:colcon.colcon_core.package_identification:_identify(.) by extension 'ros'
[0.241s] DEBUG:colcon.colcon_core.package_identification:Package '.' with type 'ros.ament_cmake' and name 'rplidar_ros'
[0.241s] Level 1:colcon.colcon_core.package_discovery:discover_packages(recursive) using defaults
[0.241s] Level 1:colcon.colcon_core.package_discovery:discover_packages(ignore) discover
[0.241s] Level 1:colcon.colcon_core.package_discovery:discover_packages(ignore) using defaults
[0.241s] Level 1:colcon.colcon_core.package_discovery:discover_packages(path) discover
[0.241s] Level 1:colcon.colcon_core.package_discovery:discover_packages(path) using defaults
[0.263s] Level 1:colcon.colcon_core.package_discovery:discover_packages(prefix_path) check parameters
[0.264s] Level 1:colcon.colcon_core.package_discovery:discover_packages(prefix_path) discover
[0.267s] DEBUG:colcon.colcon_installed_package_information.package_discovery:Found 285 installed packages in /opt/ros/jazzy
[0.268s] Level 1:colcon.colcon_core.package_discovery:discover_packages(prefix_path) using defaults
[0.304s] Level 5:colcon.colcon_core.verb:set package 'rplidar_ros' build argument 'cmake_args' from command line to 'None'
[0.304s] Level 5:colcon.colcon_core.verb:set package 'rplidar_ros' build argument 'cmake_target' from command line to 'None'
[0.304s] Level 5:colcon.colcon_core.verb:set package 'rplidar_ros' build argument 'cmake_target_skip_unavailable' from command line to 'False'
[0.304s] Level 5:colcon.colcon_core.verb:set package 'rplidar_ros' build argument 'cmake_clean_cache' from command line to 'False'
[0.304s] Level 5:colcon.colcon_core.verb:set package 'rplidar_ros' build argument 'cmake_clean_first' from command line to 'False'
[0.304s] Level 5:colcon.colcon_core.verb:set package 'rplidar_ros' build argument 'cmake_force_configure' from command line to 'False'
[0.304s] Level 5:colcon.colcon_core.verb:set package 'rplidar_ros' build argument 'ament_cmake_args' from command line to 'None'
[0.304s] Level 5:colcon.colcon_core.verb:set package 'rplidar_ros' build argument 'catkin_cmake_args' from command line to 'None'
[0.304s] Level 5:colcon.colcon_core.verb:set package 'rplidar_ros' build argument 'catkin_skip_building_tests' from command line to 'False'
[0.304s] DEBUG:colcon.colcon_core.verb:Building package 'rplidar_ros' with the following arguments: {'ament_cmake_args': None, 'build_base': '/home/gregory3/rplidar_ros/build/rplidar_ros', 'catkin_cmake_args': None, 'catkin_skip_building_tests': False, 'cmake_args': None, 'cmake_clean_cache': False, 'cmake_clean_first': False, 'cmake_force_configure': False, 'cmake_target': None, 'cmake_target_skip_unavailable': False, 'install_base': '/home/gregory3/rplidar_ros/install/rplidar_ros', 'merge_install': False, 'path': '/home/gregory3/rplidar_ros', 'symlink_install': False, 'test_result_base': None}
[0.304s] INFO:colcon.colcon_core.executor:Executing jobs using 'parallel' executor
[0.305s] DEBUG:colcon.colcon_parallel_executor.executor.parallel:run_until_complete
[0.305s] INFO:colcon.colcon_ros.task.ament_cmake.build:Building ROS package in '/home/gregory3/rplidar_ros' with build type 'ament_cmake'
[0.305s] INFO:colcon.colcon_cmake.task.cmake.build:Building CMake package in '/home/gregory3/rplidar_ros'
[0.312s] INFO:colcon.colcon_core.plugin_system:Skipping extension 'colcon_core.shell.bat': Not used on non-Windows systems
[0.312s] INFO:colcon.colcon_core.shell:Skip shell extension 'powershell' for command environment: Not usable outside of PowerShell
[0.312s] DEBUG:colcon.colcon_core.shell:Skip shell extension 'dsv' for command environment
[0.317s] DEBUG:colcon.colcon_core.event_handler.log_command:Invoking command in '/home/gregory3/rplidar_ros/build/rplidar_ros': CMAKE_PREFIX_PATH=${CMAKE_PREFIX_PATH}:/opt/ros/jazzy DEBUGINFOD_URLS=https://debuginfod.ubuntu.com /usr/bin/cmake /home/gregory3/rplidar_ros -DCMAKE_INSTALL_PREFIX=/home/gregory3/rplidar_ros/install/rplidar_ros
[1.825s] DEBUG:colcon.colcon_core.event_handler.log_command:Invoked command in '/home/gregory3/rplidar_ros/build/rplidar_ros' returned '0': CMAKE_PREFIX_PATH=${CMAKE_PREFIX_PATH}:/opt/ros/jazzy DEBUGINFOD_URLS=https://debuginfod.ubuntu.com /usr/bin/cmake /home/gregory3/rplidar_ros -DCMAKE_INSTALL_PREFIX=/home/gregory3/rplidar_ros/install/rplidar_ros
[1.827s] DEBUG:colcon.colcon_core.event_handler.log_command:Invoking command in '/home/gregory3/rplidar_ros/build/rplidar_ros': CMAKE_PREFIX_PATH=${CMAKE_PREFIX_PATH}:/opt/ros/jazzy DEBUGINFOD_URLS=https://debuginfod.ubuntu.com /usr/bin/cmake --build /home/gregory3/rplidar_ros/build/rplidar_ros -- -j4 -l4
[11.591s] DEBUG:colcon.colcon_core.event_handler.log_command:Invoked command in '/home/gregory3/rplidar_ros/build/rplidar_ros' returned '0': CMAKE_PREFIX_PATH=${CMAKE_PREFIX_PATH}:/opt/ros/jazzy DEBUGINFOD_URLS=https://debuginfod.ubuntu.com /usr/bin/cmake --build /home/gregory3/rplidar_ros/build/rplidar_ros -- -j4 -l4
[11.623s] DEBUG:colcon.colcon_core.event_handler.log_command:Invoking command in '/home/gregory3/rplidar_ros/build/rplidar_ros': CMAKE_PREFIX_PATH=${CMAKE_PREFIX_PATH}:/opt/ros/jazzy DEBUGINFOD_URLS=https://debuginfod.ubuntu.com /usr/bin/cmake --install /home/gregory3/rplidar_ros/build/rplidar_ros
[11.636s] Level 1:colcon.colcon_core.environment:create_environment_scripts_only(rplidar_ros)
[11.637s] DEBUG:colcon.colcon_core.event_handler.log_command:Invoked command in '/home/gregory3/rplidar_ros/build/rplidar_ros' returned '0': CMAKE_PREFIX_PATH=${CMAKE_PREFIX_PATH}:/opt/ros/jazzy DEBUGINFOD_URLS=https://debuginfod.ubuntu.com /usr/bin/cmake --install /home/gregory3/rplidar_ros/build/rplidar_ros
[11.642s] Level 1:colcon.colcon_core.environment:checking '/home/gregory3/rplidar_ros/install/rplidar_ros' for CMake module files
[11.642s] Level 1:colcon.colcon_core.environment:checking '/home/gregory3/rplidar_ros/install/rplidar_ros' for CMake config files
[11.643s] Level 1:colcon.colcon_core.shell:create_environment_hook('rplidar_ros', 'cmake_prefix_path')
[11.643s] INFO:colcon.colcon_core.shell:Creating environment hook '/home/gregory3/rplidar_ros/install/rplidar_ros/share/rplidar_ros/hook/cmake_prefix_path.ps1'
[11.644s] INFO:colcon.colcon_core.shell:Creating environment descriptor '/home/gregory3/rplidar_ros/install/rplidar_ros/share/rplidar_ros/hook/cmake_prefix_path.dsv'
[11.645s] INFO:colcon.colcon_core.shell:Creating environment hook '/home/gregory3/rplidar_ros/install/rplidar_ros/share/rplidar_ros/hook/cmake_prefix_path.sh'
[11.646s] Level 1:colcon.colcon_core.environment:checking '/home/gregory3/rplidar_ros/install/rplidar_ros/lib'
[11.646s] Level 1:colcon.colcon_core.shell:create_environment_hook('rplidar_ros', 'ld_library_path_lib')
[11.646s] INFO:colcon.colcon_core.shell:Creating environment hook '/home/gregory3/rplidar_ros/install/rplidar_ros/share/rplidar_ros/hook/ld_library_path_lib.ps1'
[11.646s] INFO:colcon.colcon_core.shell:Creating environment descriptor '/home/gregory3/rplidar_ros/install/rplidar_ros/share/rplidar_ros/hook/ld_library_path_lib.dsv'
[11.646s] INFO:colcon.colcon_core.shell:Creating environment hook '/home/gregory3/rplidar_ros/install/rplidar_ros/share/rplidar_ros/hook/ld_library_path_lib.sh'
[11.647s] Level 1:colcon.colcon_core.environment:checking '/home/gregory3/rplidar_ros/install/rplidar_ros/bin'
[11.647s] Level 1:colcon.colcon_core.environment:checking '/home/gregory3/rplidar_ros/install/rplidar_ros/lib/pkgconfig/rplidar_ros.pc'
[11.647s] Level 1:colcon.colcon_core.environment:checking '/home/gregory3/rplidar_ros/install/rplidar_ros/lib/python3.12/site-packages'
[11.647s] Level 1:colcon.colcon_core.environment:checking '/home/gregory3/rplidar_ros/install/rplidar_ros/bin'
[11.647s] INFO:colcon.colcon_core.shell:Creating package script '/home/gregory3/rplidar_ros/install/rplidar_ros/share/rplidar_ros/package.ps1'
[11.648s] INFO:colcon.colcon_core.shell:Creating package descriptor '/home/gregory3/rplidar_ros/install/rplidar_ros/share/rplidar_ros/package.dsv'
[11.649s] INFO:colcon.colcon_core.shell:Creating package script '/home/gregory3/rplidar_ros/install/rplidar_ros/share/rplidar_ros/package.sh'
[11.649s] INFO:colcon.colcon_core.shell:Creating package script '/home/gregory3/rplidar_ros/install/rplidar_ros/share/rplidar_ros/package.bash'
[11.650s] INFO:colcon.colcon_core.shell:Creating package script '/home/gregory3/rplidar_ros/install/rplidar_ros/share/rplidar_ros/package.zsh'
[11.651s] Level 1:colcon.colcon_core.environment:create_file_with_runtime_dependencies(/home/gregory3/rplidar_ros/install/rplidar_ros/share/colcon-core/packages/rplidar_ros)
[11.675s] Level 1:colcon.colcon_core.environment:create_environment_scripts_only(rplidar_ros)
[11.676s] Level 1:colcon.colcon_core.environment:checking '/home/gregory3/rplidar_ros/install/rplidar_ros' for CMake module files
[11.676s] Level 1:colcon.colcon_core.environment:checking '/home/gregory3/rplidar_ros/install/rplidar_ros' for CMake config files
[11.676s] Level 1:colcon.colcon_core.shell:create_environment_hook('rplidar_ros', 'cmake_prefix_path')
[11.676s] INFO:colcon.colcon_core.shell:Creating environment hook '/home/gregory3/rplidar_ros/install/rplidar_ros/share/rplidar_ros/hook/cmake_prefix_path.ps1'
[11.677s] INFO:colcon.colcon_core.shell:Creating environment descriptor '/home/gregory3/rplidar_ros/install/rplidar_ros/share/rplidar_ros/hook/cmake_prefix_path.dsv'
[11.677s] INFO:colcon.colcon_core.shell:Creating environment hook '/home/gregory3/rplidar_ros/install/rplidar_ros/share/rplidar_ros/hook/cmake_prefix_path.sh'
[11.678s] Level 1:colcon.colcon_core.environment:checking '/home/gregory3/rplidar_ros/install/rplidar_ros/lib'
[11.678s] Level 1:colcon.colcon_core.shell:create_environment_hook('rplidar_ros', 'ld_library_path_lib')
[11.678s] INFO:colcon.colcon_core.shell:Creating environment hook '/home/gregory3/rplidar_ros/install/rplidar_ros/share/rplidar_ros/hook/ld_library_path_lib.ps1'
[11.678s] INFO:colcon.colcon_core.shell:Creating environment descriptor '/home/gregory3/rplidar_ros/install/rplidar_ros/share/rplidar_ros/hook/ld_library_path_lib.dsv'
[11.678s] INFO:colcon.colcon_core.shell:Creating environment hook '/home/gregory3/rplidar_ros/install/rplidar_ros/share/rplidar_ros/hook/ld_library_path_lib.sh'
[11.678s] Level 1:colcon.colcon_core.environment:checking '/home/gregory3/rplidar_ros/install/rplidar_ros/bin'
[11.679s] Level 1:colcon.colcon_core.environment:checking '/home/gregory3/rplidar_ros/install/rplidar_ros/lib/pkgconfig/rplidar_ros.pc'
[11.679s] Level 1:colcon.colcon_core.environment:checking '/home/gregory3/rplidar_ros/install/rplidar_ros/lib/python3.12/site-packages'
[11.679s] Level 1:colcon.colcon_core.environment:checking '/home/gregory3/rplidar_ros/install/rplidar_ros/bin'
[11.679s] INFO:colcon.colcon_core.shell:Creating package script '/home/gregory3/rplidar_ros/install/rplidar_ros/share/rplidar_ros/package.ps1'
[11.679s] INFO:colcon.colcon_core.shell:Creating package descriptor '/home/gregory3/rplidar_ros/install/rplidar_ros/share/rplidar_ros/package.dsv'
[11.680s] INFO:colcon.colcon_core.shell:Creating package script '/home/gregory3/rplidar_ros/install/rplidar_ros/share/rplidar_ros/package.sh'
[11.680s] INFO:colcon.colcon_core.shell:Creating package script '/home/gregory3/rplidar_ros/install/rplidar_ros/share/rplidar_ros/package.bash'
[11.680s] INFO:colcon.colcon_core.shell:Creating package script '/home/gregory3/rplidar_ros/install/rplidar_ros/share/rplidar_ros/package.zsh'
[11.681s] Level 1:colcon.colcon_core.environment:create_file_with_runtime_dependencies(/home/gregory3/rplidar_ros/install/rplidar_ros/share/colcon-core/packages/rplidar_ros)
[11.681s] DEBUG:colcon.colcon_parallel_executor.executor.parallel:closing loop
[11.681s] DEBUG:colcon.colcon_parallel_executor.executor.parallel:loop closed
[11.681s] DEBUG:colcon.colcon_parallel_executor.executor.parallel:run_until_complete finished with '0'
[11.681s] DEBUG:colcon.colcon_core.event_reactor:joining thread
[11.691s] INFO:colcon.colcon_core.plugin_system:Skipping extension 'colcon_notification.desktop_notification.terminal_notifier': Not used on non-Darwin systems
[11.691s] INFO:colcon.colcon_core.plugin_system:Skipping extension 'colcon_notification.desktop_notification.win32': Not used on non-Windows systems
[11.691s] INFO:colcon.colcon_notification.desktop_notification:Sending desktop notification using 'notify2'
[11.706s] DEBUG:colcon.colcon_core.event_reactor:joined thread
[11.706s] INFO:colcon.colcon_core.shell:Creating prefix script '/home/gregory3/rplidar_ros/install/local_setup.ps1'
[11.708s] INFO:colcon.colcon_core.shell:Creating prefix util module '/home/gregory3/rplidar_ros/install/_local_setup_util_ps1.py'
[11.709s] INFO:colcon.colcon_core.shell:Creating prefix chain script '/home/gregory3/rplidar_ros/install/setup.ps1'
[11.709s] INFO:colcon.colcon_core.shell:Creating prefix script '/home/gregory3/rplidar_ros/install/local_setup.sh'
[11.710s] INFO:colcon.colcon_core.shell:Creating prefix util module '/home/gregory3/rplidar_ros/install/_local_setup_util_sh.py'
[11.710s] INFO:colcon.colcon_core.shell:Creating prefix chain script '/home/gregory3/rplidar_ros/install/setup.sh'
[11.711s] INFO:colcon.colcon_core.shell:Creating prefix script '/home/gregory3/rplidar_ros/install/local_setup.bash'
[11.711s] INFO:colcon.colcon_core.shell:Creating prefix chain script '/home/gregory3/rplidar_ros/install/setup.bash'
[11.712s] INFO:colcon.colcon_core.shell:Creating prefix script '/home/gregory3/rplidar_ros/install/local_setup.zsh'
[11.712s] INFO:colcon.colcon_core.shell:Creating prefix chain script '/home/gregory3/rplidar_ros/install/setup.zsh'
