[0.146s] DEBUG:colcon:Command line arguments: ['/usr/bin/colcon', 'build']
[0.146s] DEBUG:colcon:Parsed command line arguments: Namespace(log_base=None, log_level=None, verb_name='build', build_base='build', install_base='install', merge_install=False, symlink_install=False, test_result_base=None, continue_on_error=False, executor='parallel', parallel_workers=4, event_handlers=None, ignore_user_meta=False, metas=['./colcon.meta'], base_paths=['.'], packages_ignore=None, packages_ignore_regex=None, paths=None, packages_up_to=None, packages_up_to_regex=None, packages_above=None, packages_above_and_dependencies=None, packages_above_depth=None, packages_select_by_dep=None, packages_skip_by_dep=None, packages_skip_up_to=None, packages_select_build_failed=False, packages_skip_build_finished=False, packages_select_test_failures=False, packages_skip_test_passed=False, packages_select=None, packages_skip=None, packages_select_regex=None, packages_skip_regex=None, packages_start=None, packages_end=None, allow_overriding=[], cmake_args=None, cmake_target=None, cmake_target_skip_unavailable=False, cmake_clean_cache=False, cmake_clean_first=False, cmake_force_configure=False, ament_cmake_args=None, catkin_cmake_args=None, catkin_skip_building_tests=False, mixin_files=None, mixin=None, verb_parser=<colcon_mixin.mixin.mixin_argument.MixinArgumentDecorator object at 0x7c264b57b470>, verb_extension=<colcon_core.verb.build.BuildVerb object at 0x7c264b57aa20>, main=<bound method BuildVerb.main of <colcon_core.verb.build.BuildVerb object at 0x7c264b57aa20>>, mixin_verb=('build',))
[0.182s] Level 1:colcon.colcon_core.package_discovery:discover_packages(colcon_meta) check parameters
[0.182s] Level 1:colcon.colcon_core.package_discovery:discover_packages(recursive) check parameters
[0.182s] Level 1:colcon.colcon_core.package_discovery:discover_packages(ignore) check parameters
[0.182s] Level 1:colcon.colcon_core.package_discovery:discover_packages(path) check parameters
[0.182s] Level 1:colcon.colcon_core.package_discovery:discover_packages(colcon_meta) discover
[0.182s] Level 1:colcon.colcon_core.package_discovery:discover_packages(recursive) discover
[0.182s] INFO:colcon.colcon_core.package_discovery:Crawling recursively for packages in '/home/gregory3/rplidar_ros'
[0.182s] Level 1:colcon.colcon_core.package_identification:_identify(.) by extensions ['ignore', 'ignore_ament_install']
[0.182s] Level 1:colcon.colcon_core.package_identification:_identify(.) by extension 'ignore'
[0.182s] Level 1:colcon.colcon_core.package_identification:_identify(.) by extension 'ignore_ament_install'
[0.182s] Level 1:colcon.colcon_core.package_identification:_identify(.) by extensions ['colcon_pkg']
[0.182s] Level 1:colcon.colcon_core.package_identification:_identify(.) by extension 'colcon_pkg'
[0.182s] Level 1:colcon.colcon_core.package_identification:_identify(.) by extensions ['colcon_meta']
[0.182s] Level 1:colcon.colcon_core.package_identification:_identify(.) by extension 'colcon_meta'
[0.182s] Level 1:colcon.colcon_core.package_identification:_identify(.) by extensions ['ros']
[0.182s] Level 1:colcon.colcon_core.package_identification:_identify(.) by extension 'ros'
[0.209s] DEBUG:colcon.colcon_core.package_identification:Package '.' with type 'ros.ament_cmake' and name 'rplidar_ros'
[0.209s] Level 1:colcon.colcon_core.package_discovery:discover_packages(recursive) using defaults
[0.209s] Level 1:colcon.colcon_core.package_discovery:discover_packages(ignore) discover
[0.209s] Level 1:colcon.colcon_core.package_discovery:discover_packages(ignore) using defaults
[0.209s] Level 1:colcon.colcon_core.package_discovery:discover_packages(path) discover
[0.209s] Level 1:colcon.colcon_core.package_discovery:discover_packages(path) using defaults
[0.235s] Level 1:colcon.colcon_core.package_discovery:discover_packages(prefix_path) check parameters
[0.235s] Level 1:colcon.colcon_core.package_discovery:discover_packages(prefix_path) discover
[0.240s] DEBUG:colcon.colcon_installed_package_information.package_discovery:Found 1 installed packages in /home/gregory3/rplidar_ros/install
[0.242s] DEBUG:colcon.colcon_installed_package_information.package_discovery:Found 3 installed packages in /home/gregory3/ros2_ws/install
[0.242s] DEBUG:colcon.colcon_installed_package_information.package_discovery:Found 1 installed packages in /home/gregory3/led_control/install
[0.244s] DEBUG:colcon.colcon_installed_package_information.package_discovery:Found 351 installed packages in /opt/ros/jazzy
[0.246s] Level 1:colcon.colcon_core.package_discovery:discover_packages(prefix_path) using defaults
[0.291s] Level 5:colcon.colcon_core.verb:set package 'rplidar_ros' build argument 'cmake_args' from command line to 'None'
[0.291s] Level 5:colcon.colcon_core.verb:set package 'rplidar_ros' build argument 'cmake_target' from command line to 'None'
[0.291s] Level 5:colcon.colcon_core.verb:set package 'rplidar_ros' build argument 'cmake_target_skip_unavailable' from command line to 'False'
[0.291s] Level 5:colcon.colcon_core.verb:set package 'rplidar_ros' build argument 'cmake_clean_cache' from command line to 'False'
[0.291s] Level 5:colcon.colcon_core.verb:set package 'rplidar_ros' build argument 'cmake_clean_first' from command line to 'False'
[0.291s] Level 5:colcon.colcon_core.verb:set package 'rplidar_ros' build argument 'cmake_force_configure' from command line to 'False'
[0.291s] Level 5:colcon.colcon_core.verb:set package 'rplidar_ros' build argument 'ament_cmake_args' from command line to 'None'
[0.291s] Level 5:colcon.colcon_core.verb:set package 'rplidar_ros' build argument 'catkin_cmake_args' from command line to 'None'
[0.291s] Level 5:colcon.colcon_core.verb:set package 'rplidar_ros' build argument 'catkin_skip_building_tests' from command line to 'False'
[0.291s] DEBUG:colcon.colcon_core.verb:Building package 'rplidar_ros' with the following arguments: {'ament_cmake_args': None, 'build_base': '/home/gregory3/rplidar_ros/build/rplidar_ros', 'catkin_cmake_args': None, 'catkin_skip_building_tests': False, 'cmake_args': None, 'cmake_clean_cache': False, 'cmake_clean_first': False, 'cmake_force_configure': False, 'cmake_target': None, 'cmake_target_skip_unavailable': False, 'install_base': '/home/gregory3/rplidar_ros/install/rplidar_ros', 'merge_install': False, 'path': '/home/gregory3/rplidar_ros', 'symlink_install': False, 'test_result_base': None}
[0.291s] INFO:colcon.colcon_core.executor:Executing jobs using 'parallel' executor
[0.292s] DEBUG:colcon.colcon_parallel_executor.executor.parallel:run_until_complete
[0.292s] INFO:colcon.colcon_ros.task.ament_cmake.build:Building ROS package in '/home/gregory3/rplidar_ros' with build type 'ament_cmake'
[0.292s] INFO:colcon.colcon_cmake.task.cmake.build:Building CMake package in '/home/gregory3/rplidar_ros'
[0.299s] INFO:colcon.colcon_core.plugin_system:Skipping extension 'colcon_core.shell.bat': Not used on non-Windows systems
[0.299s] INFO:colcon.colcon_core.shell:Skip shell extension 'powershell' for command environment: Not usable outside of PowerShell
[0.299s] DEBUG:colcon.colcon_core.shell:Skip shell extension 'dsv' for command environment
[0.311s] DEBUG:colcon.colcon_core.event_handler.log_command:Invoking command in '/home/gregory3/rplidar_ros/build/rplidar_ros': CMAKE_PREFIX_PATH=${CMAKE_PREFIX_PATH}:/home/gregory3/ros2_ws/install/my_robot_controller:/home/gregory3/led_control/install/led_control:/opt/ros/jazzy DEBUGINFOD_URLS=https://debuginfod.ubuntu.com /usr/bin/cmake --build /home/gregory3/rplidar_ros/build/rplidar_ros -- -j4 -l4
[10.853s] DEBUG:colcon.colcon_core.event_handler.log_command:Invoked command in '/home/gregory3/rplidar_ros/build/rplidar_ros' returned '0': CMAKE_PREFIX_PATH=${CMAKE_PREFIX_PATH}:/home/gregory3/ros2_ws/install/my_robot_controller:/home/gregory3/led_control/install/led_control:/opt/ros/jazzy DEBUGINFOD_URLS=https://debuginfod.ubuntu.com /usr/bin/cmake --build /home/gregory3/rplidar_ros/build/rplidar_ros -- -j4 -l4
[10.891s] DEBUG:colcon.colcon_core.event_handler.log_command:Invoking command in '/home/gregory3/rplidar_ros/build/rplidar_ros': CMAKE_PREFIX_PATH=${CMAKE_PREFIX_PATH}:/home/gregory3/ros2_ws/install/my_robot_controller:/home/gregory3/led_control/install/led_control:/opt/ros/jazzy DEBUGINFOD_URLS=https://debuginfod.ubuntu.com /usr/bin/cmake --install /home/gregory3/rplidar_ros/build/rplidar_ros
[10.905s] Level 1:colcon.colcon_core.environment:create_environment_scripts_only(rplidar_ros)
[10.905s] DEBUG:colcon.colcon_core.event_handler.log_command:Invoked command in '/home/gregory3/rplidar_ros/build/rplidar_ros' returned '0': CMAKE_PREFIX_PATH=${CMAKE_PREFIX_PATH}:/home/gregory3/ros2_ws/install/my_robot_controller:/home/gregory3/led_control/install/led_control:/opt/ros/jazzy DEBUGINFOD_URLS=https://debuginfod.ubuntu.com /usr/bin/cmake --install /home/gregory3/rplidar_ros/build/rplidar_ros
[10.909s] Level 1:colcon.colcon_core.environment:checking '/home/gregory3/rplidar_ros/install/rplidar_ros' for CMake module files
[10.910s] Level 1:colcon.colcon_core.environment:checking '/home/gregory3/rplidar_ros/install/rplidar_ros' for CMake config files
[10.910s] Level 1:colcon.colcon_core.shell:create_environment_hook('rplidar_ros', 'cmake_prefix_path')
[10.910s] INFO:colcon.colcon_core.shell:Creating environment hook '/home/gregory3/rplidar_ros/install/rplidar_ros/share/rplidar_ros/hook/cmake_prefix_path.ps1'
[10.911s] INFO:colcon.colcon_core.shell:Creating environment descriptor '/home/gregory3/rplidar_ros/install/rplidar_ros/share/rplidar_ros/hook/cmake_prefix_path.dsv'
[10.911s] INFO:colcon.colcon_core.shell:Creating environment hook '/home/gregory3/rplidar_ros/install/rplidar_ros/share/rplidar_ros/hook/cmake_prefix_path.sh'
[10.913s] Level 1:colcon.colcon_core.environment:checking '/home/gregory3/rplidar_ros/install/rplidar_ros/lib'
[10.913s] Level 1:colcon.colcon_core.shell:create_environment_hook('rplidar_ros', 'ld_library_path_lib')
[10.913s] INFO:colcon.colcon_core.shell:Creating environment hook '/home/gregory3/rplidar_ros/install/rplidar_ros/share/rplidar_ros/hook/ld_library_path_lib.ps1'
[10.913s] INFO:colcon.colcon_core.shell:Creating environment descriptor '/home/gregory3/rplidar_ros/install/rplidar_ros/share/rplidar_ros/hook/ld_library_path_lib.dsv'
[10.914s] INFO:colcon.colcon_core.shell:Creating environment hook '/home/gregory3/rplidar_ros/install/rplidar_ros/share/rplidar_ros/hook/ld_library_path_lib.sh'
[10.914s] Level 1:colcon.colcon_core.environment:checking '/home/gregory3/rplidar_ros/install/rplidar_ros/bin'
[10.914s] Level 1:colcon.colcon_core.environment:checking '/home/gregory3/rplidar_ros/install/rplidar_ros/lib/pkgconfig/rplidar_ros.pc'
[10.914s] Level 1:colcon.colcon_core.environment:checking '/home/gregory3/rplidar_ros/install/rplidar_ros/lib/python3.12/site-packages'
[10.914s] Level 1:colcon.colcon_core.environment:checking '/home/gregory3/rplidar_ros/install/rplidar_ros/bin'
[10.914s] INFO:colcon.colcon_core.shell:Creating package script '/home/gregory3/rplidar_ros/install/rplidar_ros/share/rplidar_ros/package.ps1'
[10.915s] INFO:colcon.colcon_core.shell:Creating package descriptor '/home/gregory3/rplidar_ros/install/rplidar_ros/share/rplidar_ros/package.dsv'
[10.916s] INFO:colcon.colcon_core.shell:Creating package script '/home/gregory3/rplidar_ros/install/rplidar_ros/share/rplidar_ros/package.sh'
[10.916s] INFO:colcon.colcon_core.shell:Creating package script '/home/gregory3/rplidar_ros/install/rplidar_ros/share/rplidar_ros/package.bash'
[10.917s] INFO:colcon.colcon_core.shell:Creating package script '/home/gregory3/rplidar_ros/install/rplidar_ros/share/rplidar_ros/package.zsh'
[10.918s] Level 1:colcon.colcon_core.environment:create_file_with_runtime_dependencies(/home/gregory3/rplidar_ros/install/rplidar_ros/share/colcon-core/packages/rplidar_ros)
[10.952s] Level 1:colcon.colcon_core.environment:create_environment_scripts_only(rplidar_ros)
[10.952s] Level 1:colcon.colcon_core.environment:checking '/home/gregory3/rplidar_ros/install/rplidar_ros' for CMake module files
[10.952s] Level 1:colcon.colcon_core.environment:checking '/home/gregory3/rplidar_ros/install/rplidar_ros' for CMake config files
[10.953s] Level 1:colcon.colcon_core.shell:create_environment_hook('rplidar_ros', 'cmake_prefix_path')
[10.953s] INFO:colcon.colcon_core.shell:Creating environment hook '/home/gregory3/rplidar_ros/install/rplidar_ros/share/rplidar_ros/hook/cmake_prefix_path.ps1'
[10.953s] INFO:colcon.colcon_core.shell:Creating environment descriptor '/home/gregory3/rplidar_ros/install/rplidar_ros/share/rplidar_ros/hook/cmake_prefix_path.dsv'
[10.953s] INFO:colcon.colcon_core.shell:Creating environment hook '/home/gregory3/rplidar_ros/install/rplidar_ros/share/rplidar_ros/hook/cmake_prefix_path.sh'
[10.954s] Level 1:colcon.colcon_core.environment:checking '/home/gregory3/rplidar_ros/install/rplidar_ros/lib'
[10.954s] Level 1:colcon.colcon_core.shell:create_environment_hook('rplidar_ros', 'ld_library_path_lib')
[10.954s] INFO:colcon.colcon_core.shell:Creating environment hook '/home/gregory3/rplidar_ros/install/rplidar_ros/share/rplidar_ros/hook/ld_library_path_lib.ps1'
[10.954s] INFO:colcon.colcon_core.shell:Creating environment descriptor '/home/gregory3/rplidar_ros/install/rplidar_ros/share/rplidar_ros/hook/ld_library_path_lib.dsv'
[10.954s] INFO:colcon.colcon_core.shell:Creating environment hook '/home/gregory3/rplidar_ros/install/rplidar_ros/share/rplidar_ros/hook/ld_library_path_lib.sh'
[10.955s] Level 1:colcon.colcon_core.environment:checking '/home/gregory3/rplidar_ros/install/rplidar_ros/bin'
[10.955s] Level 1:colcon.colcon_core.environment:checking '/home/gregory3/rplidar_ros/install/rplidar_ros/lib/pkgconfig/rplidar_ros.pc'
[10.955s] Level 1:colcon.colcon_core.environment:checking '/home/gregory3/rplidar_ros/install/rplidar_ros/lib/python3.12/site-packages'
[10.955s] Level 1:colcon.colcon_core.environment:checking '/home/gregory3/rplidar_ros/install/rplidar_ros/bin'
[10.955s] INFO:colcon.colcon_core.shell:Creating package script '/home/gregory3/rplidar_ros/install/rplidar_ros/share/rplidar_ros/package.ps1'
[10.956s] INFO:colcon.colcon_core.shell:Creating package descriptor '/home/gregory3/rplidar_ros/install/rplidar_ros/share/rplidar_ros/package.dsv'
[10.956s] INFO:colcon.colcon_core.shell:Creating package script '/home/gregory3/rplidar_ros/install/rplidar_ros/share/rplidar_ros/package.sh'
[10.957s] INFO:colcon.colcon_core.shell:Creating package script '/home/gregory3/rplidar_ros/install/rplidar_ros/share/rplidar_ros/package.bash'
[10.957s] INFO:colcon.colcon_core.shell:Creating package script '/home/gregory3/rplidar_ros/install/rplidar_ros/share/rplidar_ros/package.zsh'
[10.957s] Level 1:colcon.colcon_core.environment:create_file_with_runtime_dependencies(/home/gregory3/rplidar_ros/install/rplidar_ros/share/colcon-core/packages/rplidar_ros)
[10.957s] DEBUG:colcon.colcon_parallel_executor.executor.parallel:closing loop
[10.957s] DEBUG:colcon.colcon_parallel_executor.executor.parallel:loop closed
[10.958s] DEBUG:colcon.colcon_parallel_executor.executor.parallel:run_until_complete finished with '0'
[10.958s] DEBUG:colcon.colcon_core.event_reactor:joining thread
[10.964s] INFO:colcon.colcon_core.plugin_system:Skipping extension 'colcon_notification.desktop_notification.terminal_notifier': Not used on non-Darwin systems
[10.964s] INFO:colcon.colcon_core.plugin_system:Skipping extension 'colcon_notification.desktop_notification.win32': Not used on non-Windows systems
[10.964s] INFO:colcon.colcon_notification.desktop_notification:Sending desktop notification using 'notify2'
[10.983s] DEBUG:colcon.colcon_core.event_reactor:joined thread
[10.983s] INFO:colcon.colcon_core.shell:Creating prefix script '/home/gregory3/rplidar_ros/install/local_setup.ps1'
[10.984s] INFO:colcon.colcon_core.shell:Creating prefix util module '/home/gregory3/rplidar_ros/install/_local_setup_util_ps1.py'
[10.986s] INFO:colcon.colcon_core.shell:Creating prefix chain script '/home/gregory3/rplidar_ros/install/setup.ps1'
[10.988s] INFO:colcon.colcon_core.shell:Creating prefix script '/home/gregory3/rplidar_ros/install/local_setup.sh'
[10.989s] INFO:colcon.colcon_core.shell:Creating prefix util module '/home/gregory3/rplidar_ros/install/_local_setup_util_sh.py'
[10.989s] INFO:colcon.colcon_core.shell:Creating prefix chain script '/home/gregory3/rplidar_ros/install/setup.sh'
[10.991s] INFO:colcon.colcon_core.shell:Creating prefix script '/home/gregory3/rplidar_ros/install/local_setup.bash'
[10.992s] INFO:colcon.colcon_core.shell:Creating prefix chain script '/home/gregory3/rplidar_ros/install/setup.bash'
[10.993s] INFO:colcon.colcon_core.shell:Creating prefix script '/home/gregory3/rplidar_ros/install/local_setup.zsh'
[10.994s] INFO:colcon.colcon_core.shell:Creating prefix chain script '/home/gregory3/rplidar_ros/install/setup.zsh'
